<?xml version="1.0" encoding="UTF-8"?>
<!-- Generated by org.testng.reporters.JUnitReportReporter -->
<testsuite skipped="0" hostname="ауемайнинг" name="PingTest" tests="2" failures="0" timestamp="2020-10-12T20:25:21 MSK" time="4.403" errors="0">
  <testcase name="getBookId" time="2.178" classname="PingTest"/>
  <testcase name="pingTest" time="2.225" classname="PingTest"/>
</testsuite> <!-- PingTest -->
